GDB: no debug ports present
KDB: debugger backends: ddb
KDB: current backend: ddb
---<<BOOT>>---
Copyright (c) 1992-2025 The FreeBSD Project.
Copyright (c) 1979, 1980, 1983, 1986, 1988, 1989, 1991, 1992, 1993, 1994
	The Regents of the University of California. All rights reserved.
FreeBSD is a registered trademark of The FreeBSD Foundation.
FreeBSD 15.1-STABLE rmx/official-stable15-mach-n283869-f71260cf4c9e MACHDEBUGDEBUG amd64
FreeBSD clang version 19.1.7 (https://github.com/llvm/llvm-project.git llvmorg-19.1.7-0-gcd708029e0b2)
WARNING: WITNESS option enabled, expect reduced performance.
SRAT: Ignoring memory at addr 0xff000000
VT: init without driver.
mach services loaded - mach system calls available
CPU: Intel(R) Xeon(R) CPU E5-2680 v4 @ 2.40GHz (2394.78-MHz K8-class CPU)
  Origin="GenuineIntel"  Id=0x406f1  Family=0x6  Model=0x4f  Stepping=1
  Features=0x9f83fbff<FPU,VME,DE,PSE,TSC,MSR,PAE,MCE,CX8,APIC,SEP,MTRR,PGE,MCA,CMOV,PAT,PSE36,MMX,FXSR,SSE,SSE2,SS,HTT,PBE>
  Features2=0xfede7a17<SSE3,PCLMULQDQ,DTES64,DS_CPL,SSSE3,SDBG,FMA,CX16,xTPR,PCID,DCA,SSE4.1,SSE4.2,MOVBE,POPCNT,AESNI,XSAVE,OSXSAVE,AVX,F16C,RDRAND,HV>
  AMD Features=0x2c100800<SYSCALL,NX,Page1GB,RDTSCP,LM>
  AMD Features2=0x121<LAHF,ABM,Prefetch>
  Structured Extended Features=0x140fb9<FSGSBASE,BMI1,HLE,AVX2,SMEP,BMI2,ERMS,INVPCID,RTM,RDSEED,SMAP>
  Structured Extended Features3=0x400<MD_CLEAR>
  XSAVE Features=0x1<XSAVEOPT>
  TSC: P-state invariant
Hypervisor: Origin = "bhyve bhyve "
real memory  = 5368709120 (5120 MB)
avail memory = 4104110080 (3913 MB)
Event timer "LAPIC" quality 600
ACPI APIC Table: <BHYVE  BVAPIC >
FreeBSD/SMP: Multiprocessor System Detected: 2 CPUs
FreeBSD/SMP: 2 package(s) x 1 core(s)
random: registering fast source Intel Secure Key Seed
random: fast provider: "Intel Secure Key Seed"
random: unblocking device.
ioapic0 <Version 1.1> irqs 0-31
Launching APs: 1
random: entropy device external interface
kbd1 at kbdmux0
smbios0: <System Management BIOS> at iomem 0xf1000-0xf101e
smbios0: Entry point: v2.1 (32-bit), Version: 2.6, BCD Revision: 2.6
aesni0: <AES-CBC,AES-CCM,AES-GCM,AES-ICM,AES-XTS>
acpi0: <BHYVE BVXSDT >
acpi0: Power Button (fixed)
atrtc0: <AT realtime clock> port 0x70-0x71 irq 8 on acpi0
atrtc0: registered as a time-of-day clock, resolution 1.000000s
Event timer "RTC" frequency 32768 Hz quality 0
attimer0: <AT timer> port 0x40-0x43 irq 0 on acpi0
Timecounter "i8254" frequency 1193182 Hz quality 0
Event timer "i8254" frequency 1193182 Hz quality 100
hpet0: <High Precision Event Timer> iomem 0xfed00000-0xfed003ff on acpi0
Timecounter "HPET" frequency 16777216 Hz quality 950
Event timer "HPET" frequency 16777216 Hz quality 550
Event timer "HPET1" frequency 16777216 Hz quality 450
Event timer "HPET2" frequency 16777216 Hz quality 450
Event timer "HPET3" frequency 16777216 Hz quality 450
Event timer "HPET4" frequency 16777216 Hz quality 450
Event timer "HPET5" frequency 16777216 Hz quality 450
Event timer "HPET6" frequency 16777216 Hz quality 450
Timecounter "ACPI-fast" frequency 3579545 Hz quality 900
acpi_timer0: <32-bit timer at 3.579545MHz> port 0x408-0x40b on acpi0
pcib0: <ACPI Host-PCI bridge> port 0xcf8-0xcff on acpi0
pci0: <ACPI PCI bus> on pcib0
virtio_pci0: <VirtIO PCI (legacy) Block adapter> port 0x2000-0x207f mem 0xc0000000-0xc0001fff irq 16 at device 4.0 on pci0
vtblk0: <VirtIO Block Adapter> on virtio_pci0
vtblk0: 2964MB (6071657 512 byte sectors)
isab0: <PCI-ISA bridge> at device 31.0 on pci0
isa0: <ISA bus> on isab0
vmgenc0: <VM Generation Counter> on acpi0
random: registering fast source VM Generation ID
atkbdc0: <Keyboard controller (i8042)> port 0x60,0x64 irq 1 on acpi0
atkbd0: <AT Keyboard> irq 1 on atkbdc0
kbd0 at atkbd0
atkbd0: [GIANT-LOCKED]
driver bug: Unable to set devclass (class: atkbdc devname: (unknown))
Unhandled ps2 mouse command 0xe1
psm0: <PS/2 Mouse> irq 12 on atkbdc0
psm0: [GIANT-LOCKED]
WARNING: Device "psm" is Giant locked and may be deleted before FreeBSD 16.0.
psm0: model Generic PS/2 mouse, device ID 0
uart0: <16550 or compatible> port 0x3f8-0x3ff irq 4 flags 0x10 on acpi0
uart0: console (115200,n,8,1)
uart1: <16550 or compatible> port 0x2f8-0x2ff irq 3 on acpi0
uart2: <16550 or compatible> port 0x3e8-0x3ef irq 4 on acpi0
uart3: <16550 or compatible> port 0x2e8-0x2ef irq 3 on acpi0
vga0: <Generic ISA VGA> at port 0x3b0-0x3bb iomem 0xb0000-0xb7fff pnpid PNP0900 on isa0
Timecounter "TSC-low" frequency 1197230338 Hz quality 1000
Timecounters tick every 10.000 msec
usb_needs_explore_all: no devclass
Trying to mount root from ufs:/dev/ufs/FreeBSD_Install [ro,noatime]...
WARNING: WITNESS option enabled, expect reduced performance.
Dual Console: Serial Primary, Video Secondary
No suitable dump device was found.
Setting hostuuid: b2f167e6-e72d-4ca4-a50f-405b37661dcd.
Setting hostid: 0x82e0000b.
Starting file system checks:
/dev/ufs/FreeBSD_Install: FILE SYSTEM CLEAN; SKIPPING CHECKS
/dev/ufs/FreeBSD_Install: clean, 71480 free (8 frags, 8934 blocks, 0.0% fragmentation)
Growing root partition to fill device
gpart: autofill: No space left on device
gpart: autofill: No space left on device
growfs: requested size 2.9GB is equal to the current filesystem size 2.9GB
Mounting local filesystems:.
mkdir: /tmp/.diskless.1e0e3d374b23242ba9e0e5ee2a3f428b0d8e5e226eceee57b5bb3fbb377c8c9b: Read-only file system
ELF ldconfig path: /lib /usr/lib
32-bit compatibility ldconfig path: /usr/lib32
Setting hostname: freebsd.
Setting up harvesting: PURE_VMGENID,PURE_RDSEED,RANDOMDEV,[CALLOUT],[UMA],[FS_ATIME],SWI,INTERRUPT,NET_NG,[NET_ETHER],NET_TUN,MOUSE,KEYBOARD,ATTACH,CACHED
Feeding entropy: rm: /entropy: Read-only file system
dd: /entropy: Read-only file system
dd: /boot/entropy: Read-only file system
.
lo0: link state changed to UP
Starting Network: lo0.
lo0: flags=1008049<UP,LOOPBACK,RUNNING,MULTICAST,LOWER_UP> metric 0 mtu 16384
	options=680003<RXCSUM,TXCSUM,LINKSTATE,RXCSUM_IPV6,TXCSUM_IPV6>
	inet 127.0.0.1 netmask 0xff000000
	inet6 ::1 prefixlen 128
	inet6 fe80::1%lo0 prefixlen 64 scopeid 0x1
	groups: lo
	nd6 options=23<PERFORMNUD,ACCEPT_RTADV,AUTO_LINKLOCAL>
Starting devd.
route: message indicates error: File exists
add host 127.0.0.1: gateway lo0 fib 0: route already in table
route: message indicates error: File exists
add host ::1: gateway lo0 fib 0: route already in table
add net fe80::: gateway ::1
add net ff02::: gateway ::1
add net ::ffff:0.0.0.0: gateway ::1
add net ::0.0.0.0: gateway ::1
Updating motd:.
Creating and/or trimming log files.
Clearing /tmp (X related).
Updating /var/run/os-release done.
Starting syslogd.
Mounting late filesystems:.
Starting local daemons:OP139_COLDBOOT_START
OP139_TIME utc=2026-06-25T14:15:49Z
OP139_UNAME FreeBSD freebsd 15.1-STABLE FreeBSD 15.1-STABLE rmx/official-stable15-mach-n283869-f71260cf4c9e MACHDEBUGDEBUG amd64
OP139_LDCONFIG status=0
OP139_RUN_A_CONTEXT_SHELL_BEGIN
OP139_A OP139_AUXV_START
OP139_A OP139_AUXV_GLOBAL global_addr=0x8225ca910 deref_value=0x8202321a0
OP139_A OP139_AUXV_ENVWALK addr=0x8202321a0 environ=0x820232138 envc=12
OP139_A OP139_AUXV_VECTOR status=OK using=global global==envwalk=1
OP139_A OP139_AUXV_ENTRIES
OP139_A   [ 0] a_type=3    (AT_PHDR       ) a_val=0x0000000000200040 a_ptr=0x200040
OP139_A   [ 1] a_type=4    (AT_PHENT      ) a_val=0x0000000000000038 a_ptr=0x38
OP139_A   [ 2] a_type=5    (AT_PHNUM      ) a_val=0x000000000000000b a_ptr=0xb
OP139_A   [ 3] a_type=6    (AT_PAGESZ     ) a_val=0x0000000000001000 a_ptr=0x1000
OP139_A   [ 4] a_type=8    (AT_FLAGS      ) a_val=0x0000000000000000 a_ptr=0x0
OP139_A   [ 5] a_type=9    (AT_ENTRY      ) a_val=0x0000000000201ca0 a_ptr=0x201ca0
OP139_A   [ 6] a_type=7    (AT_BASE       ) a_val=0x00001958f5c52000 a_ptr=0x1958f5c52000
OP139_A   [ 7] a_type=24   (AT_EHDRFLAGS  ) a_val=0x0000000000000000 a_ptr=0x0
OP139_A   [ 8] a_type=15   (AT_EXECPATH   ) a_val=0x0000000820232530 a_ptr=0x820232530
OP139_A   [ 9] a_type=18   (AT_OSRELDATE  ) a_val=0x000000000016e93d a_ptr=0x16e93d
OP139_A   [10] a_type=16   (AT_CANARY     ) a_val=0x00000008202324f0 a_ptr=0x8202324f0
OP139_A   [11] a_type=17   (AT_CANARYLEN  ) a_val=0x0000000000000040 a_ptr=0x40
OP139_A   [12] a_type=19   (AT_NCPUS      ) a_val=0x0000000000000002 a_ptr=0x2
OP139_A   [13] a_type=20   (AT_PAGESIZES  ) a_val=0x00000008202324d8 a_ptr=0x8202324d8
OP139_A   [14] a_type=21   (AT_PAGESIZESLEN) a_val=0x0000000000000018 a_ptr=0x18
OP139_A   [15] a_type=22   (AT_TIMEKEEP   ) a_val=0x0000000820668610 a_ptr=0x820668610
OP139_A   [16] a_type=23   (AT_STACKPROT  ) a_val=0x0000000000000003 a_ptr=0x3
OP139_A   [17] a_type=27   (AT_BSDFLAGS   ) a_val=0x0000000000000001 a_ptr=0x1
OP139_A   [18] a_type=28   (AT_ARGC       ) a_val=0x0000000000000001 a_ptr=0x1
OP139_A   [19] a_type=29   (AT_ARGV       ) a_val=0x0000000820232128 a_ptr=0x820232128
OP139_A   [20] a_type=30   (AT_ENVC       ) a_val=0x000000000000000c a_ptr=0xc
OP139_A   [21] a_type=31   (AT_ENVV       ) a_val=0x0000000820232138 a_ptr=0x820232138
OP139_A   [22] a_type=32   (AT_PS_STRINGS ) a_val=0x0000000820232548 a_ptr=0x820232548
OP139_A   [23] a_type=34   (AT_KPRELOAD   ) a_val=0x0000000820668000 a_ptr=0x820668000
OP139_A   [24] a_type=35   (AT_USRSTACKBASE) a_val=0x0000000820233000 a_ptr=0x820233000
OP139_A   [25] a_type=36   (AT_USRSTACKLIM) a_val=0x0000000020000000 a_ptr=0x20000000
OP139_A OP139_AUXV_SUMMARY entries=26
OP139_A OP139_AT_PHDR_present=1   value=0x200040
OP139_A OP139_AT_PHNUM_present=1  value=11
OP139_A OP139_AT_ENTRY_present=1  value=0x201ca0
OP139_A OP139_AT_BASE_present=1   value=0x1958f5c52000
OP139_A OP139_AT_EXECFD_present=0 value=0
OP139_A OP139_VERDICT at_phdr_missing=0
OP139_A OP139_TERMINAL status=0
OP139_RUN_A_CONTEXT_SHELL_END
ipc_entry_lookup failed on 0 /usr/src/sys/compat/mach/ipc/ipc_kmsg.c:1318
ipc_entry_lookup failed on 0 /usr/src/sys/compat/mach/ipc/ipc_kmsg.c:1318
ipc_entry_lookup failed on 0 /usr/src/sys/compat/mach/ipc/ipc_kmsg.c:1318
ipc_entry_lookup failed on 0 /usr/src/sys/compat/mach/ipc/ipc_kmsg.c:1318
ipc_entry_lookup failed on 0 /usr/src/sys/compat/mach/ipc/ipc_kmsg.c:1318
ipc_entry_lookup failed on 0 /usr/src/sys/compat/mach/ipc/ipc_kmsg.c:1318
ipc_entry_lookup failed on 0 /usr/src/sys/compat/mach/ipc/ipc_kmsg.c:1318
OP139_LAUNCHD_START status=0 pid=954 socket=/tmp/launchd-954.UjQBAQ/sock
OP139_RUN_B_CONTEXT_LAUNCHD_BEGIN
ipc_entry_lookup failed on 0 /usr/src/sys/compat/mach/ipc/ipc_kmsg.c:1318
ipc_entry_lookup failed on 0 /usr/src/sys/compat/mach/ipc/ipc_kmsg.c:1318
ipc_entry_lookup failed on 0 /usr/src/sys/compat/mach/ipc/ipc_kmsg.c:1318
ipc_entry_lookup failed on 0 /usr/src/sys/compat/mach/ipc/ipc_kmsg.c:1318
ipc_entry_lookup failed on 0 /usr/src/sys/compat/mach/ipc/ipc_kmsg.c:1318
OP139_B <?xml version="1.0" encoding="UTF-8"?>
OP139_B <plist version="1.0"><dict>
OP139_B 	<key>Label</key><string>rmxos.preview.runner.959</string>
OP139_B 	<key>ProgramArguments</key><array>
OP139_B 		<string></string>
OP139_B OP139_AUXV_START
OP139_B OP139_AUXV_GLOBAL global_addr=0x8231aa910 deref_value=0x8207b6b30
OP139_B OP139_AUXV_ENVWALK addr=0x8207b6b30 environ=0x8207b6ac0 envc=13
OP139_B OP139_AUXV_VECTOR status=OK using=global global==envwalk=1
OP139_B OP139_AUXV_ENTRIES
OP139_B   [ 0] a_type=3    (AT_PHDR       ) a_val=0x0000000000200040 a_ptr=0x200040
OP139_B   [ 1] a_type=4    (AT_PHENT      ) a_val=0x0000000000000038 a_ptr=0x38
OP139_B   [ 2] a_type=5    (AT_PHNUM      ) a_val=0x000000000000000b a_ptr=0xb
OP139_B   [ 3] a_type=6    (AT_PAGESZ     ) a_val=0x0000000000001000 a_ptr=0x1000
OP139_B   [ 4] a_type=8    (AT_FLAGS      ) a_val=0x0000000000000000 a_ptr=0x0
OP139_B   [ 5] a_type=9    (AT_ENTRY      ) a_val=0x0000000000201ca0 a_ptr=0x201ca0
OP139_B   [ 6] a_type=7    (AT_BASE       ) a_val=0x00002cb2d752f000 a_ptr=0x2cb2d752f000
OP139_B   [ 7] a_type=24   (AT_EHDRFLAGS  ) a_val=0x0000000000000000 a_ptr=0x0
OP139_B   [ 8] a_type=15   (AT_EXECPATH   ) a_val=0x00000008207b6ed8 a_ptr=0x8207b6ed8
OP139_B   [ 9] a_type=18   (AT_OSRELDATE  ) a_val=0x000000000016e93d a_ptr=0x16e93d
OP139_B   [10] a_type=16   (AT_CANARY     ) a_val=0x00000008207b6e98 a_ptr=0x8207b6e98
OP139_B   [11] a_type=17   (AT_CANARYLEN  ) a_val=0x0000000000000040 a_ptr=0x40
OP139_B   [12] a_type=19   (AT_NCPUS      ) a_val=0x0000000000000002 a_ptr=0x2
OP139_B   [13] a_type=20   (AT_PAGESIZES  ) a_val=0x00000008207b6e80 a_ptr=0x8207b6e80
OP139_B   [14] a_type=21   (AT_PAGESIZESLEN) a_val=0x0000000000000018 a_ptr=0x18
OP139_B   [15] a_type=22   (AT_TIMEKEEP   ) a_val=0x0000000820d56610 a_ptr=0x820d56610
OP139_B   [16] a_type=23   (AT_STACKPROT  ) a_val=0x0000000000000003 a_ptr=0x3
OP139_B   [17] a_type=27   (AT_BSDFLAGS   ) a_val=0x0000000000000001 a_ptr=0x1
OP139_B   [18] a_type=28   (AT_ARGC       ) a_val=0x0000000000000001 a_ptr=0x1
OP139_B   [19] a_type=29   (AT_ARGV       ) a_val=0x00000008207b6ab0 a_ptr=0x8207b6ab0
OP139_B   [20] a_type=30   (AT_ENVC       ) a_val=0x000000000000000d a_ptr=0xd
OP139_B   [21] a_type=31   (AT_ENVV       ) a_val=0x00000008207b6ac0 a_ptr=0x8207b6ac0
OP139_B   [22] a_type=32   (AT_PS_STRINGS ) a_val=0x00000008207b6ef0 a_ptr=0x8207b6ef0
OP139_B   [23] a_type=34   (AT_KPRELOAD   ) a_val=0x0000000820d56000 a_ptr=0x820d56000
OP139_B   [24] a_type=35   (AT_USRSTACKBASE) a_val=0x00000008207b7000 a_ptr=0x8207b7000
OP139_B   [25] a_type=36   (AT_USRSTACKLIM) a_val=0x0000000020000000 a_ptr=0x20000000
OP139_B OP139_AUXV_SUMMARY entries=26
OP139_B OP139_AT_PHDR_present=1   value=0x200040
OP139_B OP139_AT_PHNUM_present=1  value=11
OP139_B OP139_AT_ENTRY_present=1  value=0x201ca0
OP139_B OP139_AT_BASE_present=1   value=0x2cb2d752f000
OP139_B OP139_AT_EXECFD_present=0 value=0
OP139_B OP139_VERDICT at_phdr_missing=0
OP139_B OP139_TERMINAL status=0
OP139_RUN_B_CONTEXT_LAUNCHD_END
ipc_entry_lookup failed on 0 /usr/src/sys/compat/mach/ipc/ipc_kmsg.c:1318
ipc_entry_lookup failed on 0 /usr/src/sys/compat/mach/ipc/ipc_kmsg.c:1318
OP139_COLDBOOT_TERMINAL status=0
Shutdown NOW!
shutdown: [pid 977]
Jun 25 14:15:54 freebsd shutdown[977]: power-down by root: 

System shutdown time has arrived
Jun 25 14:15:54 freebsd syslogd: exiting on signal 15
Waiting (max 60 seconds) for system process `vnlru' to stop... done
Waiting (max 60 seconds) for system process `syncer' to stop... 
Syncing disks, vnodes remaining... 0 done
All buffers synced.
Uptime: 7s
acpi0: Powering system off
