[cap 15:01:36] connecting to bhyve TCP serial 127.0.0.1:14677
[cap 15:01:36] connected
[cap 15:01:36] freeze detector: polling serial silence for 900s
psm0: <PS/2 Mouse> irq 12 on atkbdc0
psm0: [GIANT-LOCKED]
WARNING: Device "psm" is Giant locked and may be deleted before FreeBSD 16.0.
psm0: model Generic PS/2 mouse, device ID 0
uart0: <16550 or compatible> port 0x3f8-0x3ff irq 4 flags 0x10 on acpi0
uart0: console (115200,n,8,1)
uart1: <16550 or compatible> port 0x2f8-0x2ff irq 3 on acpi0
uart2: <16550 or compatible> port 0x3e8-0x3ef irq 4 on acpi0
uart3: <16550 or compatible> port 0x2e8-0x2ef irq 3 on acpi0
vga0: <Generic ISA VGA> at port 0x3b0-0x3bb iomem 0xb0000-0xb7fff pnpid PNP0900 on isa0
Timecounter "TSC-low" frequency 1197230199 Hz quality 1000
Timecounters tick every 10.000 msec
usb_needs_explore_all: no devclass
Trying to mount root from ufs:/dev/gpt/rootfs [rw,noatime]...
WARNING: WITNESS option enabled, expect reduced performance.
Dual Console: Serial Primary, Video Secondary
Setting hostuuid: b2f167e6-e72d-4ca4-a50f-405b37661dcd.
Setting hostid: 0x82e0000b.
Starting file system checks:
/dev/gpt/rootfs: FILE SYSTEM CLEAN; SKIPPING CHECKS
/dev/gpt/rootfs: clean, 597087 free (3103 frags, 74248 blocks, 0.2% fragmentation)
/dev/gpt/efiboot0: 4 files, 31 MiB free (64226 clusters)
FIXED
/dev/gpt/efiboot0: MARKING FILE SYSTEM CLEAN
Growing root partition to fill device
vtbd0 recovering is not needed
gpart: autofill: No space left on device
growfs: requested size 5.0GB is equal to the current filesystem size 5.0GB
Mounting local filesystems:.
ELF ldconfig path: /lib /usr/lib
32-bit compatibility ldconfig path: /usr/lib32
Setting hostname: freebsd.
Setting up harvesting: PURE_VMGENID,PURE_RDSEED,RANDOMDEV,[CALLOUT],[UMA],[FS_ATIME],SWI,INTERRUPT,NET_NG,[NET_ETHER],NET_TUN,MOUSE,KEYBOARD,ATTACH,CACHED
Feeding entropy: .
lo0: link state changed to UP
Starting Network: lo0.
lo0: flags=1008049<UP,LOOPBACK,RUNNING,MULTICAST,LOWER_UP> metric 0 mtu 16384
	options=680003<RXCSUM,TXCSUM,LINKSTATE,RXCSUM_IPV6,TXCSUM_IPV6>
	inet 127.0.0.1 netmask 0xff000000
	inet6 ::1 prefixlen 128
	inet6 fe80::1%lo0 prefixlen 64 scopeid 0x1
	groups: lo
	nd6 options=23<PERFORMNUD,ACCEPT_RTADV,AUTO_LINKLOCAL>
Starting devd.
route: message indicates error: File exists
add host 127.0.0.1: gateway lo0 fib 0: route already in table
route: message indicates error: File exists
add host ::1: gateway lo0 fib 0: route already in table
add net fe80::: gateway ::1
add net ff02::: gateway ::1
add net ::ffff:0.0.0.0: gateway ::1
add net ::0.0.0.0: gateway ::1
Updating motd:.
Creating and/or trimming log files.
Clearing /tmp (X related).
Updating /var/run/os-release done.
Starting syslogd.
No core dumps found.
Mounting late filesystems:.
Starting local daemons:ipc_entry_lookup failed on 0 /usr/src/sys/compat/mach/ipc/ipc_kmsg.c:1318
ipc_entry_lookup failed on 0 /usr/src/sys/compat/mach/ipc/ipc_kmsg.c:1318
ipc_entry_lookup failed on 0 /usr/src/sys/compat/mach/ipc/ipc_kmsg.c:1318
ipc_entry_lookup failed on 0 /usr/src/sys/compat/mach/ipc/ipc_kmsg.c:1318
ipc_entry_lookup failed on 0 /usr/src/sys/compat/mach/ipc/ipc_kmsg.c:1318
ipc_entry_lookup failed on 0 /usr/src/sys/compat/mach/ipc/ipc_kmsg.c:1318
ipc_entry_lookup failed on 0 /usr/src/sys/compat/mach/ipc/ipc_kmsg.c:1318
ipc_entry_lookup failed on 0 /usr/src/sys/compat/mach/ipc/ipc_kmsg.c:1318
ipc_entry_lookup failed on 0 /usr/src/sys/compat/mach/ipc/ipc_kmsg.c:1318
ipc_entry_lookup failed on 0 /usr/src/sys/compat/mach/ipc/ipc_kmsg.c:1318
ipc_entry_lookup failed on 0 /usr/src/sys/compat/mach/ipc/ipc_kmsg.c:1318
[cap 15:03:16] FREEZE-DETECTED serial-silent=93s bytes=3503 bhyve-still-alive=yes
[cap 15:03:16] injecting NMI
NMI/cpu0 ... going to debugger
[cap 15:03:19] sending DDB commands
[cap 15:03:19] DDB: trace
trace
[cap 15:03:21] DDB: show locks
show locks
[cap 15:03:23] DDB: ps
ps
[cap 15:03:25] DDB: show pcpu
show pcpu
[cap 15:03:27] DDB: msg
msg
[cap 15:03:29] DDB: boot dump
boot dump
