Setting hostuuid: b2f167e6-e72d-4ca4-a50f-405b37661dcd.
Setting hostid: 0x82e0000b.
Starting file system checks:
/dev/gpt/rootfs: FILE SYSTEM CLEAN; SKIPPING CHECKS
/dev/gpt/rootfs: clean, 597082 free (3098 frags, 74248 blocks, 0.2% fragmentation)
/dev/gpt/efiboot0: 4 files, 31 MiB free (64226 clusters)
FIXED
/dev/gpt/efiboot0: MARKING FILE SYSTEM CLEAN
Growing root partition to fill device
vtbd0 recovering is not needed
gpart: autofill: No space left on device
growfs: requested size 5.0GB is equal to the current filesystem size 5.0GB
Mounting local filesystems:.
ELF ldconfig path: /lib /usr/lib
32-bit compatibility ldconfig path: /usr/lib32
Setting hostname: freebsd.
Setting up harvesting: PURE_VMGENID,PURE_RDSEED,RANDOMDEV,[CALLOUT],[UMA],[FS_ATIME],SWI,INTERRUPT,NET_NG,[NET_ETHER],NET_TUN,MOUSE,KEYBOARD,ATTACH,CACHED
Feeding entropy: .
lo0: link state changed to UP
Starting Network: lo0.
lo0: flags=1008049<UP,LOOPBACK,RUNNING,MULTICAST,LOWER_UP> metric 0 mtu 16384
	options=680003<RXCSUM,TXCSUM,LINKSTATE,RXCSUM_IPV6,TXCSUM_IPV6>
	inet 127.0.0.1 netmask 0xff000000
	inet6 ::1 prefixlen 128
	inet6 fe80::1%lo0 prefixlen 64 scopeid 0x1
	groups: lo
	nd6 options=23<PERFORMNUD,ACCEPT_RTADV,AUTO_LINKLOCAL>
Starting devd.
route: message indicates error: File exists
add host 127.0.0.1: gateway lo0 fib 0: route already in table
route: message indicates error: File exists
add host ::1: gateway lo0 fib 0: route already in table
add net fe80::: gateway ::1
add net ff02::: gateway ::1
add net ::ffff:0.0.0.0: gateway ::1
add net ::0.0.0.0: gateway ::1
Updating motd:.
Creating and/or trimming log files.
Clearing /tmp (X related).
Updating /var/run/os-release done.
Starting syslogd.
No core dumps found.
Mounting late filesystems:.
Starting local daemons:ipc_entry_lookup failed on 0 /usr/src/sys/compat/mach/ipc/ipc_kmsg.c:1318
ipc_entry_lookup failed on 0 /usr/src/sys/compat/mach/ipc/ipc_kmsg.c:1318
ipc_entry_lookup failed on 0 /usr/src/sys/compat/mach/ipc/ipc_kmsg.c:1318
ipc_entry_lookup failed on 0 /usr/src/sys/compat/mach/ipc/ipc_kmsg.c:1318
ipc_entry_lookup failed on 0 /usr/src/sys/compat/mach/ipc/ipc_kmsg.c:1318
ipc_entry_lookup failed on 0 /usr/src/sys/compat/mach/ipc/ipc_kmsg.c:1318
ipc_entry_lookup failed on 0 /usr/src/sys/compat/mach/ipc/ipc_kmsg.c:1318
OP122_LAUNCHD_UP status=0
ipc_entry_lookup failed on 0 /usr/src/sys/compat/mach/ipc/ipc_kmsg.c:1318
OP122_ECHO_START pid=969 service=com.rmxos.op122.echo
OP122_ECHO_LISTENER status=0
xpc_connection_set_event_handler: connection=0x7d5bd00e000
xpc_connection_resume: connection=0x7d5bd00e000
OP122_RESPONDER_LOADED
ipc_entry_lookup failed on 0 /usr/src/sys/compat/mach/ipc/ipc_kmsg.c:1318
ipc_entry_lookup failed on 0 /usr/src/sys/compat/mach/ipc/ipc_kmsg.c:1318
xpc_dictionary_create: PASS
xpc_int64_create: PASS
xpc_int64_get_value: PASS
xpc_dictionary_get_string: PASS
xpc_dictionary_get_int64: PASS
xpc_dictionary_get_count: PASS
xpc_string_create: PASS
xpc_data_create: PASS
xpc_data_get_length: PASS
xpc_data_get_bytes_ptr: PASS
xpc_hash_consistent: PASS
xpc_connection_create: PASS
xpc_connection_set_event_handler: connection=0x334929810000
xpc_connection_resume: connection=0x334929810000
xpc_connection_lifecycle: PASS

--- PLANE CASES (op-122) ---
op122_plane_connect: PASS
xpc_connection_set_event_handler: connection=0x3349298100a0
xpc_connection_resume: connection=0x3349298100a0
op122_plane_resume: PASS
op122_plane_request_construct: PASS
xpc_send: connection=0x3349298100a0, message=0x33492980e380, id=1
1 nvl = 0x33492a401000
nv = 0x33492a401000
xpc_connection_recv_message: connection=0x7d5bd00e000
xpc_connection_recv_message: message=0x7d5bd014080, id=1, remote=<28>
xpc_connection_recv_message: new peer on port <28>
OP122_ECHO_PEER status=0 peer=0x7d5bd00e0a0
xpc_connection_set_event_handler: connection=0x7d5bd00e0a0
xpc_connection_resume: connection=0x7d5bd00e0a0
OP122_ECHO_REPLY status=1 reason=create_reply_null_fallback
OP122_ECHO_REPLY status=0 seqid=3405643777 fallback=1
xpc_send: connection=0x7d5bd00e0a0, message=0x7d5bd014340, id=1
1 nvl = 0x7d5bd00b0c0
nv = 0x7d5bd00b0c0
xpc_connection_recv_message: connection=0x3349298100a0
xpc_connection_recv_message: message=0x33492980e540, id=1, remote=<27>
Jun 26 22:41:52 freebsd xpc-harness-plane[972]: /usr/src/lib/libxpc/xpc_misc.c:458: 
Jun 26 22:41:52 freebsd xpc-harness-plane[972]: unpacking data_size=20
Jun 26 22:41:52 freebsd op122-xpc-echo[969]: /usr/src/lib/libxpc/xpc_misc.c:458: 
Jun 26 22:41:52 freebsd op122-xpc-echo[969]: unpacking data_size=196
ipc_entry_lookup failed on 0 /usr/src/sys/compat/mach/ipc/ipc_kmsg.c:1318
ipc_entry_lookup failed on 0 /usr/src/sys/compat/mach/ipc/ipc_kmsg.c:1318
ipc_entry_lookup failed on 0 /usr/src/sys/compat/mach/ipc/ipc_kmsg.c:1318
ipc_entry_lookup failed on 0 /usr/src/sys/compat/mach/ipc/ipc_kmsg.c:1318
ipc_entry_lookup failed on 0 /usr/src/sys/compat/mach/ipc/ipc_kmsg.c:1318
Shutdown NOW!
shutdown: [pid 978]

System shutdown time has arrived
Jun 26 22:42:13 freebsd shutdown[978]: power-down by root: 
Jun 26 22:42:13 freebsd syslogd: exiting on signal 15
Waiting (max 60 seconds) for system process `vnlru' to stop... done
Waiting (max 60 seconds) for system process `syncer' to stop... 
Syncing disks, vnodes remaining... 0 done
All buffers synced.
Uptime: 30s
acpi0: Powering system off
